<?xml version="1.0" encoding="UTF-8"?>
<testsuite xmlns:xsi="http://www.w3.org/2001/XMLSchema-instance" xsi:noNamespaceSchemaLocation="https://maven.apache.org/surefire/maven-surefire-plugin/xsd/surefire-test-report.xsd" version="3.0.2" name="TestSuite" time="125.388" tests="4" errors="0" skipped="0" failures="0">
  <properties>
[...]
</properties>
  <testcase name="runScenario[&quot;Search for appropriate sneakers in fashion category&quot;, &quot;This file contains testcases for Fashion Page&quot;](1)" classname="runner.TestRunner" time="16.104">
    <system-out><![CDATA[2025-06-26 17:54:17 [main] INFO  keyword.Keywords - BrowserLaunched...
2025-06-26 17:54:19 [main] INFO  keyword.Keywords - URL Passed and application is opening...
2025-06-26 17:54:21 [main] INFO  keyword.Keywords - URL Passed and application is opening...
2025-06-26 17:54:21 [main] INFO  keyword.Keywords - Element is present
2025-06-26 17:54:21 [main] INFO  keyword.Keywords - Yes you are on HomePage..
2025-06-26 17:54:21 [main] INFO  keyword.Keywords - Mouse hovered over element
2025-06-26 17:54:24 [main] INFO  keyword.Keywords - Product selected..
2025-06-26 17:54:24 [main] INFO  keyword.Keywords - Page scrolled...
2025-06-26 17:54:26 [main] INFO  keyword.Keywords - Size selected..
2025-06-26 17:54:32 [main] INFO  keyword.Keywords - Brand selected..
2025-06-26 17:54:33 [main] INFO  keyword.Keywords - clicked applied filters...
2025-06-26 17:54:35 [main] INFO  keyword.Keywords - US Shoe Size: 8
2025-06-26 17:54:35 [main] INFO  keyword.Keywords - Brand: Nike
2025-06-26 17:54:35 [main] INFO  keyword.Keywords - Price: Over $100
2025-06-26 17:54:35 [main] INFO  keyword.Keywords - Categories Matched ✔
]]></system-out>
    <system-err><![CDATA[SLF4J: Failed to load class "org.slf4j.impl.StaticLoggerBinder".
SLF4J: Defaulting to no-operation (NOP) logger implementation
SLF4J: See http://www.slf4j.org/codes.html#StaticLoggerBinder for further details.
Jun 26, 2025 5:54:17 PM org.openqa.selenium.devtools.CdpVersionFinder findNearestMatch
WARNING: Unable to find CDP implementation matching 137
Jun 26, 2025 5:54:17 PM org.openqa.selenium.chromium.ChromiumDriver lambda$new$5
WARNING: Unable to find version of CDP to use for 137.0.7151.120. You may need to include a dependency on a specific version of the CDP using something similar to `org.seleniumhq.selenium:selenium-devtools-v86:4.27.0` where the version ("v86") matches the version of the chromium-based browser you're using and the version number of the artifact is the same as Selenium's.
]]></system-err>
  </testcase>
  <testcase name="runScenario[&quot;Verify the view&quot;, &quot;This file contains testcases for Fashion Page&quot;](2)" classname="runner.TestRunner" time="70.258">
    <system-out><![CDATA[2025-06-26 17:54:35 [main] INFO  keyword.Keywords - trying to click
2025-06-26 17:54:57 [main] INFO  keyword.Keywords - 📸 Screenshot taken: C:\Users\Admin\eclipse-workspace\EbayAutomation/src/Screenshots/GalleryView_2025_06_26_17-54-56.png
2025-06-26 17:54:57 [main] INFO  keyword.Keywords - Scrolled to element: By.xpath: (//button[contains(@aria-label, 'Gallery View')])
2025-06-26 17:55:46 [main] INFO  keyword.Keywords - 📸 Screenshot taken: C:\Users\Admin\eclipse-workspace\EbayAutomation/src/Screenshots/listView_2025_06_26_17-55-44.png
]]></system-out>
  </testcase>
  <testcase name="runScenario[&quot;Verify the SearchBar&quot;, &quot;This file contains Tescases for Ebay Site.&quot;](3)" classname="runner.TestRunner" time="27.15">
    <system-out><![CDATA[2025-06-26 17:55:48 [main] INFO  keyword.Keywords - URL Passed and application is opening...
2025-06-26 17:55:48 [main] INFO  keyword.Keywords - Element is present
2025-06-26 17:55:48 [main] INFO  keyword.Keywords - Yes you are on HomePage..
2025-06-26 17:55:48 [main] INFO  keyword.Keywords - Yes SEarch Box is Visible..
2025-06-26 17:55:48 [main] INFO  keyword.Keywords - Clicked on SearchBar..
2025-06-26 17:55:49 [main] INFO  keyword.Keywords - Text entered: Watches
2025-06-26 17:55:49 [main] INFO  keyword.Keywords - Entered keyword..
2025-06-26 17:55:51 [main] INFO  keyword.Keywords - suggestions are related to entered keyword
2025-06-26 17:56:13 [main] INFO  keyword.Keywords - 📸 Screenshot taken: C:\Users\Admin\eclipse-workspace\EbayAutomation/src/Screenshots/SearchResults_2025_06_26_17-56-12.png
]]></system-out>
  </testcase>
  <testcase name="runScenario[&quot;Verify All categories List&quot;, &quot;This file contains Tescases for Ebay Site.&quot;](4)" classname="runner.TestRunner" time="2.596">
    <system-out><![CDATA[2025-06-26 17:56:14 [main] INFO  keyword.Keywords - URL Passed and application is opening...
2025-06-26 17:56:14 [main] INFO  keyword.Keywords - Element is present
2025-06-26 17:56:14 [main] INFO  keyword.Keywords - Yes you are on HomePage..
2025-06-26 17:56:15 [main] INFO  keyword.Keywords - List contains 39 items
2025-06-26 17:56:15 [main] INFO  keyword.Keywords - Categories Did NOT Match ❌
]]></system-out>
  </testcase>
</testsuite>