<?xml version="1.0" encoding="UTF-8"?>
<testng-results ignored="0" total="4" passed="4" failed="0" skipped="0">
  <reporter-output>
  </reporter-output>
  <suite started-at="2025-06-26T17:40:19 IST" name="Default suite" finished-at="2025-06-26T17:42:35 IST" duration-ms="135223">
    <groups>
      <group name="cucumber">
        <method signature="AbstractTestNGCucumberTests.runScenario(io.cucumber.testng.PickleWrapper,io.cucumber.testng.FeatureWrapper)[pri:0, instance:runner.TestRunner@35b74c5c]" name="runScenario" class="io.cucumber.testng.AbstractTestNGCucumberTests"/>
      </group> <!-- cucumber -->
    </groups>
    <test started-at="2025-06-26T17:40:19 IST" name="Default test" finished-at="2025-06-26T17:42:35 IST" duration-ms="135223">
      <class name="runner.TestRunner">
        <test-method is-config="true" signature="setUpClass(org.testng.ITestContext)[pri:0, instance:runner.TestRunner@35b74c5c]" started-at="2025-06-26T17:40:20 IST" name="setUpClass" finished-at="2025-06-26T17:40:28 IST" duration-ms="7973" status="PASS">
          <params>
            <param index="0">
              <value>
                <![CDATA[org.testng.TestRunner@7a083b96]]>
              </value>
            </param>
          </params>
          <reporter-output>
          </reporter-output>
        </test-method> <!-- setUpClass -->
        <test-method signature="runScenario(io.cucumber.testng.PickleWrapper,io.cucumber.testng.FeatureWrapper)[pri:0, instance:runner.TestRunner@35b74c5c]" started-at="2025-06-26T17:40:28 IST" name="runScenario" description="Runs Cucumber Scenarios" data-provider="scenarios" finished-at="2025-06-26T17:40:44 IST" duration-ms="16596" status="PASS">
          <params>
            <param index="0">
              <value>
                <![CDATA["Search for appropriate sneakers in fashion category"]]>
              </value>
            </param>
            <param index="1">
              <value>
                <![CDATA["This file contains testcases for Fashion Page"]]>
              </value>
            </param>
          </params>
          <reporter-output>
          </reporter-output>
        </test-method> <!-- runScenario -->
        <test-method signature="runScenario(io.cucumber.testng.PickleWrapper,io.cucumber.testng.FeatureWrapper)[pri:0, instance:runner.TestRunner@35b74c5c]" started-at="2025-06-26T17:40:44 IST" name="runScenario" description="Runs Cucumber Scenarios" data-provider="scenarios" finished-at="2025-06-26T17:42:01 IST" duration-ms="76632" status="PASS">
          <params>
            <param index="0">
              <value>
                <![CDATA["Verify the view"]]>
              </value>
            </param>
            <param index="1">
              <value>
                <![CDATA["This file contains testcases for Fashion Page"]]>
              </value>
            </param>
          </params>
          <reporter-output>
          </reporter-output>
        </test-method> <!-- runScenario -->
        <test-method signature="runScenario(io.cucumber.testng.PickleWrapper,io.cucumber.testng.FeatureWrapper)[pri:0, instance:runner.TestRunner@35b74c5c]" started-at="2025-06-26T17:42:01 IST" name="runScenario" description="Runs Cucumber Scenarios" data-provider="scenarios" finished-at="2025-06-26T17:42:31 IST" duration-ms="29876" status="PASS">
          <params>
            <param index="0">
              <value>
                <![CDATA["Verify the SearchBar"]]>
              </value>
            </param>
            <param index="1">
              <value>
                <![CDATA["This file contains Tescases for Ebay Site."]]>
              </value>
            </param>
          </params>
          <reporter-output>
          </reporter-output>
        </test-method> <!-- runScenario -->
        <test-method signature="runScenario(io.cucumber.testng.PickleWrapper,io.cucumber.testng.FeatureWrapper)[pri:0, instance:runner.TestRunner@35b74c5c]" started-at="2025-06-26T17:42:31 IST" name="runScenario" description="Runs Cucumber Scenarios" data-provider="scenarios" finished-at="2025-06-26T17:42:34 IST" duration-ms="2889" status="PASS">
          <params>
            <param index="0">
              <value>
                <![CDATA["Verify All categories List"]]>
              </value>
            </param>
            <param index="1">
              <value>
                <![CDATA["This file contains Tescases for Ebay Site."]]>
              </value>
            </param>
          </params>
          <reporter-output>
          </reporter-output>
        </test-method> <!-- runScenario -->
        <test-method is-config="true" signature="tearDownClass()[pri:0, instance:runner.TestRunner@35b74c5c]" started-at="2025-06-26T17:42:34 IST" name="tearDownClass" finished-at="2025-06-26T17:42:35 IST" duration-ms="1123" status="PASS">
          <reporter-output>
          </reporter-output>
        </test-method> <!-- tearDownClass -->
      </class> <!-- runner.TestRunner -->
    </test> <!-- Default test -->
  </suite> <!-- Default suite -->
</testng-results>
